<?xml version="1.0" encoding="UTF-8"?>
<coverage generated="1627911187183" clover="3.2.0">
  <project timestamp="1627911187183" name="All files">
    <metrics statements="35" coveredstatements="35" conditionals="4" coveredconditionals="4" methods="12" coveredmethods="12" elements="51" coveredelements="51" complexity="0" loc="35" ncloc="35" packages="1" files="3" classes="3"/>
    <file name="Cart.js" path="/Users/scottbishop/Documents/tdd-lab-2-s-bishop/src/js/Cart.js">
      <metrics statements="13" coveredstatements="13" conditionals="0" coveredconditionals="0" methods="8" coveredmethods="8"/>
      <line num="3" count="13" type="stmt"/>
      <line num="6" count="23" type="stmt"/>
      <line num="9" count="3" type="stmt"/>
      <line num="12" count="4" type="stmt"/>
      <line num="13" count="4" type="stmt"/>
      <line num="14" count="8" type="stmt"/>
      <line num="16" count="4" type="stmt"/>
      <line num="19" count="4" type="stmt"/>
      <line num="20" count="4" type="stmt"/>
      <line num="21" count="8" type="stmt"/>
      <line num="23" count="4" type="stmt"/>
      <line num="26" count="1" type="stmt"/>
      <line num="30" count="1" type="stmt"/>
    </file>
    <file name="Product.js" path="/Users/scottbishop/Documents/tdd-lab-2-s-bishop/src/js/Product.js">
      <metrics statements="5" coveredstatements="5" conditionals="2" coveredconditionals="2" methods="2" coveredmethods="2"/>
      <line num="21" count="30" type="stmt"/>
      <line num="22" count="30" type="stmt"/>
      <line num="23" count="30" type="stmt"/>
      <line num="32" count="4" type="cond" truecount="2" falsecount="0"/>
      <line num="35" count="2" type="stmt"/>
    </file>
    <file name="money-functions.js" path="/Users/scottbishop/Documents/tdd-lab-2-s-bishop/src/js/money-functions.js">
      <metrics statements="17" coveredstatements="17" conditionals="2" coveredconditionals="2" methods="2" coveredmethods="2"/>
      <line num="1" count="1" type="stmt"/>
      <line num="2" count="8" type="stmt"/>
      <line num="3" count="8" type="cond" truecount="2" falsecount="0"/>
      <line num="4" count="6" type="stmt"/>
      <line num="6" count="2" type="stmt"/>
      <line num="7" count="2" type="stmt"/>
      <line num="11" count="1" type="stmt"/>
      <line num="12" count="4" type="stmt"/>
      <line num="13" count="4" type="stmt"/>
      <line num="14" count="4" type="stmt"/>
      <line num="15" count="4" type="stmt"/>
      <line num="16" count="4" type="stmt"/>
      <line num="17" count="4" type="stmt"/>
      <line num="18" count="4" type="stmt"/>
      <line num="19" count="4" type="stmt"/>
      <line num="20" count="4" type="stmt"/>
      <line num="28" count="1" type="stmt"/>
    </file>
  </project>
</coverage>
