{"/Users/scottbishop/Documents/tdd-lab-2-s-bishop/src/js/Cart.js": {"path":"/Users/scottbishop/Documents/tdd-lab-2-s-bishop/src/js/Cart.js","statementMap":{"0":{"start":{"line":3,"column":8},"end":{"line":3,"column":24}},"1":{"start":{"line":6,"column":7},"end":{"line":6,"column":32}},"2":{"start":{"line":9,"column":8},"end":{"line":9,"column":33}},"3":{"start":{"line":12,"column":20},"end":{"line":12,"column":21}},"4":{"start":{"line":13,"column":8},"end":{"line":15,"column":10}},"5":{"start":{"line":14,"column":12},"end":{"line":14,"column":32}},"6":{"start":{"line":16,"column":8},"end":{"line":16,"column":21}},"7":{"start":{"line":19,"column":20},"end":{"line":19,"column":21}},"8":{"start":{"line":20,"column":8},"end":{"line":22,"column":10}},"9":{"start":{"line":21,"column":12},"end":{"line":21,"column":41}},"10":{"start":{"line":23,"column":8},"end":{"line":23,"column":21}},"11":{"start":{"line":26,"column":8},"end":{"line":26,"column":65}},"12":{"start":{"line":30,"column":0},"end":{"line":30,"column":22}}},"fnMap":{"0":{"name":"(anonymous_0)","decl":{"start":{"line":2,"column":4},"end":{"line":2,"column":5}},"loc":{"start":{"line":2,"column":18},"end":{"line":4,"column":5}},"line":2},"1":{"name":"(anonymous_1)","decl":{"start":{"line":5,"column":4},"end":{"line":5,"column":5}},"loc":{"start":{"line":5,"column":16},"end":{"line":7,"column":5}},"line":5},"2":{"name":"(anonymous_2)","decl":{"start":{"line":8,"column":4},"end":{"line":8,"column":5}},"loc":{"start":{"line":8,"column":18},"end":{"line":10,"column":5}},"line":8},"3":{"name":"(anonymous_3)","decl":{"start":{"line":11,"column":4},"end":{"line":11,"column":5}},"loc":{"start":{"line":11,"column":23},"end":{"line":17,"column":5}},"line":11},"4":{"name":"(anonymous_4)","decl":{"start":{"line":13,"column":27},"end":{"line":13,"column":28}},"loc":{"start":{"line":13,"column":41},"end":{"line":15,"column":9}},"line":13},"5":{"name":"(anonymous_5)","decl":{"start":{"line":18,"column":4},"end":{"line":18,"column":5}},"loc":{"start":{"line":18,"column":21},"end":{"line":24,"column":5}},"line":18},"6":{"name":"(anonymous_6)","decl":{"start":{"line":20,"column":27},"end":{"line":20,"column":28}},"loc":{"start":{"line":20,"column":41},"end":{"line":22,"column":9}},"line":20},"7":{"name":"(anonymous_7)","decl":{"start":{"line":25,"column":4},"end":{"line":25,"column":5}},"loc":{"start":{"line":25,"column":12},"end":{"line":27,"column":5}},"line":25}},"branchMap":{},"s":{"0":13,"1":23,"2":3,"3":4,"4":4,"5":8,"6":4,"7":4,"8":4,"9":8,"10":4,"11":1,"12":1},"f":{"0":13,"1":23,"2":3,"3":4,"4":8,"5":4,"6":8,"7":1},"b":{},"_coverageSchema":"43e27e138ebf9cfc5966b082cf9a028302ed4184","hash":"689cb8ee86716351933e506179f82d63663ba006"}
,"/Users/scottbishop/Documents/tdd-lab-2-s-bishop/src/js/Product.js": {"path":"/Users/scottbishop/Documents/tdd-lab-2-s-bishop/src/js/Product.js","statementMap":{"0":{"start":{"line":21,"column":8},"end":{"line":21,"column":25}},"1":{"start":{"line":22,"column":8},"end":{"line":22,"column":27}},"2":{"start":{"line":23,"column":8},"end":{"line":23,"column":31}},"3":{"start":{"line":32,"column":8},"end":{"line":32,"column":61}},"4":{"start":{"line":35,"column":0},"end":{"line":35,"column":25}}},"fnMap":{"0":{"name":"(anonymous_0)","decl":{"start":{"line":20,"column":4},"end":{"line":20,"column":5}},"loc":{"start":{"line":20,"column":38},"end":{"line":24,"column":5}},"line":20},"1":{"name":"(anonymous_1)","decl":{"start":{"line":25,"column":4},"end":{"line":25,"column":5}},"loc":{"start":{"line":25,"column":21},"end":{"line":33,"column":5}},"line":25}},"branchMap":{"0":{"loc":{"start":{"line":32,"column":15},"end":{"line":32,"column":60}},"type":"cond-expr","locations":[{"start":{"line":32,"column":30},"end":{"line":32,"column":47}},{"start":{"line":32,"column":50},"end":{"line":32,"column":60}}],"line":32}},"s":{"0":30,"1":30,"2":30,"3":4,"4":2},"f":{"0":30,"1":4},"b":{"0":[2,2]},"_coverageSchema":"43e27e138ebf9cfc5966b082cf9a028302ed4184","hash":"78dce54ec8735f956c6ac93f82c8bee7e236e1a3"}
,"/Users/scottbishop/Documents/tdd-lab-2-s-bishop/src/js/money-functions.js": {"path":"/Users/scottbishop/Documents/tdd-lab-2-s-bishop/src/js/money-functions.js","statementMap":{"0":{"start":{"line":1,"column":23},"end":{"line":9,"column":1}},"1":{"start":{"line":2,"column":14},"end":{"line":2,"column":31}},"2":{"start":{"line":3,"column":4},"end":{"line":8,"column":5}},"3":{"start":{"line":4,"column":8},"end":{"line":4,"column":24}},"4":{"start":{"line":6,"column":8},"end":{"line":6,"column":31}},"5":{"start":{"line":7,"column":8},"end":{"line":7,"column":25}},"6":{"start":{"line":11,"column":17},"end":{"line":26,"column":1}},"7":{"start":{"line":12,"column":4},"end":{"line":12,"column":38}},"8":{"start":{"line":13,"column":4},"end":{"line":13,"column":23}},"9":{"start":{"line":14,"column":4},"end":{"line":14,"column":35}},"10":{"start":{"line":15,"column":4},"end":{"line":15,"column":23}},"11":{"start":{"line":16,"column":4},"end":{"line":16,"column":36}},"12":{"start":{"line":17,"column":4},"end":{"line":17,"column":22}},"13":{"start":{"line":18,"column":4},"end":{"line":18,"column":36}},"14":{"start":{"line":19,"column":4},"end":{"line":19,"column":22}},"15":{"start":{"line":20,"column":4},"end":{"line":25,"column":5}},"16":{"start":{"line":28,"column":0},"end":{"line":28,"column":44}}},"fnMap":{"0":{"name":"(anonymous_0)","decl":{"start":{"line":1,"column":23},"end":{"line":1,"column":24}},"loc":{"start":{"line":1,"column":35},"end":{"line":9,"column":1}},"line":1},"1":{"name":"(anonymous_1)","decl":{"start":{"line":11,"column":17},"end":{"line":11,"column":18}},"loc":{"start":{"line":11,"column":28},"end":{"line":26,"column":1}},"line":11}},"branchMap":{"0":{"loc":{"start":{"line":3,"column":4},"end":{"line":8,"column":5}},"type":"if","locations":[{"start":{"line":3,"column":4},"end":{"line":8,"column":5}},{"start":{"line":3,"column":4},"end":{"line":8,"column":5}}],"line":3}},"s":{"0":1,"1":8,"2":8,"3":6,"4":2,"5":2,"6":1,"7":4,"8":4,"9":4,"10":4,"11":4,"12":4,"13":4,"14":4,"15":4,"16":1},"f":{"0":8,"1":4},"b":{"0":[6,2]},"_coverageSchema":"43e27e138ebf9cfc5966b082cf9a028302ed4184","hash":"7f06ba345d6b8da48755ba91bc371f133a7b3db2"}
}
