TN:
SF:/Users/scottbishop/Documents/tdd-lab-2-s-bishop/src/js/Cart.js
FN:2,(anonymous_0)
FN:5,(anonymous_1)
FN:8,(anonymous_2)
FN:11,(anonymous_3)
FN:13,(anonymous_4)
FN:18,(anonymous_5)
FN:20,(anonymous_6)
FN:25,(anonymous_7)
FNF:8
FNH:8
FNDA:13,(anonymous_0)
FNDA:23,(anonymous_1)
FNDA:3,(anonymous_2)
FNDA:4,(anonymous_3)
FNDA:8,(anonymous_4)
FNDA:4,(anonymous_5)
FNDA:8,(anonymous_6)
FNDA:1,(anonymous_7)
DA:3,13
DA:6,23
DA:9,3
DA:12,4
DA:13,4
DA:14,8
DA:16,4
DA:19,4
DA:20,4
DA:21,8
DA:23,4
DA:26,1
DA:30,1
LF:13
LH:13
BRF:0
BRH:0
end_of_record
TN:
SF:/Users/scottbishop/Documents/tdd-lab-2-s-bishop/src/js/Product.js
FN:20,(anonymous_0)
FN:25,(anonymous_1)
FNF:2
FNH:2
FNDA:30,(anonymous_0)
FNDA:4,(anonymous_1)
DA:21,30
DA:22,30
DA:23,30
DA:32,4
DA:35,2
LF:5
LH:5
BRDA:32,0,0,2
BRDA:32,0,1,2
BRF:2
BRH:2
end_of_record
TN:
SF:/Users/scottbishop/Documents/tdd-lab-2-s-bishop/src/js/money-functions.js
FN:1,(anonymous_0)
FN:11,(anonymous_1)
FNF:2
FNH:2
FNDA:8,(anonymous_0)
FNDA:4,(anonymous_1)
DA:1,1
DA:2,8
DA:3,8
DA:4,6
DA:6,2
DA:7,2
DA:11,1
DA:12,4
DA:13,4
DA:14,4
DA:15,4
DA:16,4
DA:17,4
DA:18,4
DA:19,4
DA:20,4
DA:28,1
LF:17
LH:17
BRDA:3,0,0,6
BRDA:3,0,1,2
BRF:2
BRH:2
end_of_record
